<?xml version="1.0" encoding="UTF-8"?>
<!-- Generated by org.testng.reporters.JUnitReportReporter -->
<testsuite skipped="0" hostname="WINDOWS-5DSFHLP" name="example.ReadDataFromProperty" tests="1" failures="0" timestamp="2020-08-03T22:18:39 IST" time="0.010" errors="0">
  <testcase name="createConatct" time="0.010" classname="example.ReadDataFromProperty"/>
  <system-out/>
</testsuite> <!-- example.ReadDataFromProperty -->
