<?xml version="1.0" encoding="UTF-8"?>
<!-- Generated by org.testng.reporters.JUnitReportReporter -->
<testsuite skipped="0" hostname="WINDOWS-5DSFHLP" name="com.autdeskcrm.conatcttest.CreateContacWithOrgNametTest" tests="1" failures="0" timestamp="2020-08-03T22:18:39 IST" time="30.611" errors="0">
  <testcase name="createContactWithOrgtest" time="30.611" classname="com.autdeskcrm.conatcttest.CreateContacWithOrgNametTest"/>
  <system-out/>
</testsuite> <!-- com.autdeskcrm.conatcttest.CreateContacWithOrgNametTest -->
