<?xml version="1.0" encoding="UTF-8"?>
<!-- Generated by org.testng.reporters.JUnitReportReporter -->
<testsuite skipped="0" hostname="WINDOWS-5DSFHLP" name="com.autodeskcrm.orgtest.CreateOrganizationTest" tests="1" failures="0" timestamp="2020-08-04T01:38:06 IST" time="21.367" errors="0">
  <testcase name="createORgtest" time="21.367" classname="com.autodeskcrm.orgtest.CreateOrganizationTest"/>
  <system-out/>
</testsuite> <!-- com.autodeskcrm.orgtest.CreateOrganizationTest -->
