<?xml version="1.0" encoding="UTF-8"?>
<!-- Generated by org.testng.reporters.JUnitReportReporter -->
<testsuite skipped="0" hostname="WINDOWS-5DSFHLP" name="com.autodeskcrm.orgtest.CreateOrgAndDelete" tests="1" failures="0" timestamp="2020-08-03T23:41:23 IST" time="22.384" errors="0">
  <testcase name="createORgtest" time="22.384" classname="com.autodeskcrm.orgtest.CreateOrgAndDelete"/>
  <system-out/>
</testsuite> <!-- com.autodeskcrm.orgtest.CreateOrgAndDelete -->
