<?xml version="1.0" encoding="UTF-8"?>
<!-- Generated by org.testng.reporters.JUnitReportReporter -->
<testsuite skipped="0" hostname="WINDOWS-5DSFHLP" name="com.autodeskcrm.assignment2.CreateOrgAndDeleteTest" tests="1" failures="0" timestamp="2020-08-04T10:22:38 IST" time="33.781" errors="0">
  <testcase name="createORgtest" time="33.781" classname="com.autodeskcrm.assignment2.CreateOrgAndDeleteTest"/>
  <system-out/>
</testsuite> <!-- com.autodeskcrm.assignment2.CreateOrgAndDeleteTest -->
