<?xml version="1.0" encoding="UTF-8"?>
<!-- Generated by org.testng.reporters.JUnitReportReporter -->
<testsuite skipped="0" hostname="WINDOWS-5DSFHLP" name="com.autodeskcrm.assignment2.DeleteContactAndCheckOrg" tests="1" failures="0" timestamp="2020-08-04T09:46:54 IST" time="32.023" errors="0">
  <testcase name="createContactWithOrgtest" time="32.023" classname="com.autodeskcrm.assignment2.DeleteContactAndCheckOrg"/>
  <system-out/>
</testsuite> <!-- com.autodeskcrm.assignment2.DeleteContactAndCheckOrg -->
